Build started 16-05-2018 01:24:48.
     1>Project "c:\Users\ashok kumar yadav\documents\visual studio 2010\Projects\cgproject\cg_final\cg_final\cg_final.vcxproj" on node 2 (build target(s)).
     1>InitializeBuildStatus:
         Creating "Debug\cg_final.unsuccessfulbuild" because "AlwaysCreate" was specified.
       ClCompile:
         C:\Program Files (x86)\Microsoft Visual Studio 10.0\VC\bin\CL.exe /c /ZI /nologo /W3 /WX- /Od /Oy- /D WIN32 /D _DEBUG /D _CONSOLE /D _UNICODE /D UNICODE /Gm /EHsc /RTC1 /MDd /GS /fp:precise /Zc:wchar_t /Zc:forScope /Fo"Debug\\" /Fd"Debug\vc100.pdb" /Gd /TP /analyze- /errorReport:prompt cg_final.cpp
         cg_final.cpp
       ManifestResourceCompile:
         All outputs are up-to-date.
       Link:
         C:\Program Files (x86)\Microsoft Visual Studio 10.0\VC\bin\link.exe /ERRORREPORT:PROMPT /OUT:"c:\users\ashok kumar yadav\documents\visual studio 2010\Projects\cgproject\cg_final\Debug\cg_final.exe" /INCREMENTAL /NOLOGO kernel32.lib user32.lib gdi32.lib winspool.lib comdlg32.lib advapi32.lib shell32.lib ole32.lib oleaut32.lib uuid.lib odbc32.lib odbccp32.lib /MANIFEST /ManifestFile:"Debug\cg_final.exe.intermediate.manifest" /MANIFESTUAC:"level='asInvoker' uiAccess='false'" /DEBUG /PDB:"c:\users\ashok kumar yadav\documents\visual studio 2010\Projects\cgproject\cg_final\Debug\cg_final.pdb" /SUBSYSTEM:CONSOLE /TLBID:1 /DYNAMICBASE /NXCOMPAT /IMPLIB:"c:\users\ashok kumar yadav\documents\visual studio 2010\Projects\cgproject\cg_final\Debug\cg_final.lib" /MACHINE:X86 Debug\cg_final.exe.embed.manifest.res
         Debug\cg_final.obj
         Debug\stdafx.obj
       Manifest:
         C:\Program Files (x86)\Microsoft SDKs\Windows\v7.0A\bin\mt.exe /nologo /verbose /out:"Debug\cg_final.exe.embed.manifest" /manifest Debug\cg_final.exe.intermediate.manifest
         All outputs are up-to-date.
       LinkEmbedManifest:
         All outputs are up-to-date.
         cg_final.vcxproj -> c:\users\ashok kumar yadav\documents\visual studio 2010\Projects\cgproject\cg_final\Debug\cg_final.exe
       FinalizeBuildStatus:
         Deleting file "Debug\cg_final.unsuccessfulbuild".
         Touching "Debug\cg_final.lastbuildstate".
     1>Done Building Project "c:\Users\ashok kumar yadav\documents\visual studio 2010\Projects\cgproject\cg_final\cg_final\cg_final.vcxproj" (build target(s)).

Build succeeded.

Time Elapsed 00:00:00.59
